1/1/2024, 10:39:41 PM | 500 | body {"code":500,"body":{"status":false,"statusCode":500,"error":"jwt expired"}}  
1/1/2024, 10:39:47 PM | 200 | body {"code":200,"body":{"status":true,"statusCode":200,"msg":"token is generated","data":{"token":"eyJhbGciOiJIUzI1NiIsInR5cCI6IkpXVCJ9.eyJpZCI6MSwiaWF0IjoxNzA0MTM3OTg3LCJleHAiOjE3MDQxNDE1ODd9.JfcBwaWBy1g8RBcknxJXxy8K3fsRV7dK_bbi1YpLQNA","user_id":1}}}  
1/1/2024, 10:40:10 PM | 200 | body {"status":true,"statusCode":200,"msg":"file added Successfully","data":{"id":1,"name":"text","path":"files\\text.txt","date":"2024-01-01T19:40:10.275Z","check":false,"public":true,"owner_id":1,"updatedAt":"2024-01-01T19:40:10.277Z","createdAt":"2024-01-01T19:40:10.277Z"}}  
1/1/2024, 10:44:00 PM | 500 | body {"status":false,"statusCode":500,"error":"RError is not defined"}  
1/1/2024, 10:44:30 PM | 500 | body {"status":false,"statusCode":500,"error":"RError is not defined"}  
1/1/2024, 10:44:59 PM | 500 | body {"status":false,"statusCode":500,"error":"RError is not defined"}  
1/1/2024, 10:45:15 PM | 500 | body {"status":false,"statusCode":500,"error":"RError is not defined"}  
1/1/2024, 10:45:49 PM | 403 | body {"status":false,"statusCode":403,"error":"the file is not in the group"}  
1/1/2024, 10:46:15 PM | 200 | body {"status":true,"statusCode":200,"msg":"file shared with group successfully"}  
1/1/2024, 10:46:20 PM | 200 | body {"status":true,"statusCode":200,"msg":"checked in"}  
1/1/2024, 10:46:22 PM | 400 | body {"status":false,"statusCode":400,"error":"checked before"}  
1/1/2024, 10:46:29 PM | 500 | body {"code":500,"body":{"status":false,"statusCode":500,"error":"jwt expired"}}  
1/1/2024, 10:46:35 PM | 200 | body {"status":true,"statusCode":200,"msg":"file has been checked out successfully","data":{"id":1,"name":"text","path":"files\\text.txt","check":false,"public":true,"date":"2024-01-01T19:40:10.275Z","createdAt":"2024-01-01T19:40:10.277Z","updatedAt":"2024-01-01T19:46:35.493Z","owner_id":1}}  
1/1/2024, 10:46:38 PM | 200 | body {"status":true,"statusCode":200,"msg":"checked in"}  
1/1/2024, 10:46:45 PM | 200 | body {"status":true,"statusCode":200,"msg":"file has been checked out successfully","data":{"id":1,"name":"text","path":"files\\text.txt","check":false,"public":true,"date":"2024-01-01T19:40:10.275Z","createdAt":"2024-01-01T19:40:10.277Z","updatedAt":"2024-01-01T19:46:45.481Z","owner_id":1}}  
1/2/2024, 10:22:23 AM | 200 | body {"code":200,"body":{"status":true,"statusCode":200,"msg":"token is generated","data":{"token":"eyJhbGciOiJIUzI1NiIsInR5cCI6IkpXVCJ9.eyJpZCI6MSwiaWF0IjoxNzA0MTgwMTQzLCJleHAiOjE3MDQxODM3NDN9.nooN5ZwBMJYMCtDmf88CeqkdBxsbi1qDTVuJx3EMOmU","user_id":1}}}  
1/2/2024, 10:22:41 AM | 200 | body {"status":true,"statusCode":200,"msg":"groups returned successfully","data":[null,null,null,null]}  
1/2/2024, 10:22:57 AM | 400 | body {"status":false,"statusCode":400,"error":"couldn`t fetch the groups"}  
1/2/2024, 10:23:00 AM | 400 | body {"status":false,"statusCode":400,"error":"couldn`t fetch the groups"}  
1/2/2024, 10:23:07 AM | 200 | body {"status":true,"statusCode":200,"msg":"groups returned successfully","data":[{"groups":[{"id":1,"name":"gg group","group_user":{"id":1,"createdAt":"2024-01-01T18:19:50.122Z","updatedAt":"2024-01-01T18:19:50.122Z","userId":1,"groupId":1}}]},{"groups":[{"id":1,"name":"gg group","group_user":{"id":2,"createdAt":"2024-01-01T19:32:29.558Z","updatedAt":"2024-01-01T19:32:29.558Z","userId":2,"groupId":1}}]},{"groups":[]},{"groups":[]}]}  
1/2/2024, 10:23:35 AM | 200 | body {"status":true,"statusCode":200,"msg":"groups returned successfully","data":[{"id":1,"name":"fale7","password":"$2b$10$W1EnX1XPC37C4Oy1DIcxnOQBtORvCmU8fUr3e0o5/nPEedbW9MtRm","createdAt":"2024-01-01T18:15:57.460Z","updatedAt":"2024-01-01T18:15:57.460Z","groups":[{"id":1,"name":"gg group","group_user":{"id":1,"createdAt":"2024-01-01T18:19:50.122Z","updatedAt":"2024-01-01T18:19:50.122Z","userId":1,"groupId":1}}]},{"id":2,"name":"saad","password":"$2b$10$s0HXvb0VtxL6dBYnK4ZyjO6NMUAHwooff/hd9MJMxQ4tobuHSLe8i","createdAt":"2024-01-01T18:19:21.611Z","updatedAt":"2024-01-01T18:19:21.611Z","groups":[{"id":1,"name":"gg group","group_user":{"id":2,"createdAt":"2024-01-01T19:32:29.558Z","updatedAt":"2024-01-01T19:32:29.558Z","userId":2,"groupId":1}}]},{"id":3,"name":"ghassan","password":"$2b$10$QjGiA140XXkQhtKeKLp11uAL7iuSgn16NYkqBPzkWNWor7K5y3utm","createdAt":"2024-01-01T18:19:24.723Z","updatedAt":"2024-01-01T18:19:24.723Z","groups":[]},{"id":4,"name":"mhd","password":"$2b$10$gCp2g9oNctQQG2iZiDo6L.xvzuuEoXJnY9M7cUCMMxxr0pDuzXqi6","createdAt":"2024-01-01T19:35:30.459Z","updatedAt":"2024-01-01T19:35:30.459Z","groups":[]}]}  
1/2/2024, 10:24:50 AM | 200 | body {"status":true,"statusCode":200,"msg":"groups returned successfully","data":[{"groups":[{"id":1,"name":"gg group","group_user":{"id":1,"createdAt":"2024-01-01T18:19:50.122Z","updatedAt":"2024-01-01T18:19:50.122Z","userId":1,"groupId":1}}]}]}  
1/2/2024, 10:25:04 AM | 200 | body {"status":true,"statusCode":200,"msg":"group created Successfully","data":{"id":2,"name":"gg group","owner_id":1,"updatedAt":"2024-01-02T07:25:04.380Z","createdAt":"2024-01-02T07:25:04.380Z"}}  
1/2/2024, 10:25:05 AM | 200 | body {"status":true,"statusCode":200,"msg":"group created Successfully","data":{"id":3,"name":"gg group","owner_id":1,"updatedAt":"2024-01-02T07:25:05.567Z","createdAt":"2024-01-02T07:25:05.567Z"}}  
1/2/2024, 10:25:11 AM | 500 | body {"code":500,"body":{"status":false,"statusCode":500,"error":"jwt malformed"}}  
1/2/2024, 10:25:16 AM | 500 | body {"code":500,"body":{"status":false,"statusCode":500,"error":"jwt malformed"}}  
1/2/2024, 10:25:21 AM | 500 | body {"code":500,"body":{"status":false,"statusCode":500,"error":"jwt malformed"}}  
1/2/2024, 10:25:59 AM | 500 | body {"code":500,"body":{"status":false,"statusCode":500,"error":"jwt malformed"}}  
1/2/2024, 10:26:07 AM | 200 | body {"status":true,"statusCode":200,"msg":"groups returned successfully","data":[{"groups":[{"id":1,"name":"gg group","group_user":{"id":1,"createdAt":"2024-01-01T18:19:50.122Z","updatedAt":"2024-01-01T18:19:50.122Z","userId":1,"groupId":1}},{"id":2,"name":"gg group","group_user":{"id":3,"createdAt":"2024-01-02T07:25:04.463Z","updatedAt":"2024-01-02T07:25:04.463Z","userId":1,"groupId":2}}]}]}  
